
> next-pages-template@0.1.0 build
> next build

▲ Next.js 16.2.6 (Turbopack)

  Running TypeScript ...
  Finished TypeScript in 11.9s ...
  Creating an optimized production build ...
✓ Compiled successfully in 7.5s
  Collecting page data using 9 workers ...
  Generating static pages using 9 workers (0/14) ...
  Generating static pages using 9 workers (3/14) 
  Generating static pages using 9 workers (6/14) 
  Generating static pages using 9 workers (10/14) 
✓ Generating static pages using 9 workers (14/14) in 9.4s
  Finalizing page optimization ...

Route (pages)
┌ ƒ /
├   /_app
├ ○ /404
├ ƒ /api/hello
├ ○ /blog (5458 ms)
├ ● /blog/[slug] (33140 ms)
│ ├ /blog/muit-cifrovoe-upravlenie (5458 ms)
│ ├ /blog/raspisanie-bez-haosa (5455 ms)
│ ├ /blog/5-metrik-direktora (5455 ms)
│ ├ /blog/kolledzh-osh-otchyotnost (5455 ms)
│ ├ /blog/elektronnyj-zhurnal (5453 ms)
│ ├ /blog/modul-onlajn-oplaty (5453 ms)
│ ├ /blog/gejmifikaciya-motivaciya
│ └ [+3 more paths]
└ ○ /writer/admin (5463 ms)

○  (Static)   prerendered as static content
●  (SSG)      prerendered as static HTML (uses getStaticProps)
ƒ  (Dynamic)  server-rendered on demand

